<?xml version="1.0" encoding="UTF-8"?>
<coverage generated="1533916052770" clover="3.2.0">
  <project timestamp="1533916052770" name="All files">
    <metrics statements="5" coveredstatements="5" conditionals="2" coveredconditionals="1" methods="2" coveredmethods="2" elements="9" coveredelements="8" complexity="0" loc="5" ncloc="5" packages="1" files="1" classes="1">
      <file name="map.js" path="C:\Raphael\jest-tests\map\map.js">
        <metrics statements="5" coveredstatements="5" conditionals="2" coveredconditionals="1" methods="2" coveredmethods="2"/>
        <line num="3" count="2" type="cond" truecount="1" falsecount="1"/>
        <line num="5" count="5" type="stmt"/>
        <line num="6" count="5" type="stmt"/>
        <line num="7" count="10" type="stmt"/>
        <line num="9" count="5" type="stmt"/>
      </file>
    </metrics>
  </project>
</coverage>
