<?xml version="1.0" encoding="UTF-8"?>
<coverage generated="1534185891841" clover="3.2.0">
  <project timestamp="1534185891841" name="All files">
    <metrics statements="9" coveredstatements="9" conditionals="6" coveredconditionals="4" methods="5" coveredmethods="5" elements="20" coveredelements="18" complexity="0" loc="9" ncloc="9" packages="1" files="2" classes="2">
      <file name="map-recursive.js" path="C:\Raphael\reactjs-ninja\jest-tests\map\map-recursive.js">
        <metrics statements="4" coveredstatements="4" conditionals="4" coveredconditionals="3" methods="3" coveredmethods="3"/>
        <line num="3" count="2" type="cond" truecount="1" falsecount="1"/>
        <line num="4" count="5" type="stmt"/>
        <line num="5" count="15" type="stmt"/>
        <line num="6" count="15" type="cond" truecount="2" falsecount="0"/>
      </file>
      <file name="map.js" path="C:\Raphael\reactjs-ninja\jest-tests\map\map.js">
        <metrics statements="5" coveredstatements="5" conditionals="2" coveredconditionals="1" methods="2" coveredmethods="2"/>
        <line num="3" count="2" type="cond" truecount="1" falsecount="1"/>
        <line num="5" count="5" type="stmt"/>
        <line num="6" count="5" type="stmt"/>
        <line num="7" count="10" type="stmt"/>
        <line num="9" count="5" type="stmt"/>
      </file>
    </metrics>
  </project>
</coverage>
