TN:
SF:C:\Raphael\reactjs-ninja\jest-tests\map\map-recursive.js
FN:3,(anonymous_0)
FN:3,(anonymous_1)
FN:4,mapInternal
FNF:3
FNH:3
FNDA:5,(anonymous_0)
FNDA:2,(anonymous_1)
FNDA:15,mapInternal
DA:3,2
DA:4,5
DA:5,15
DA:6,15
LF:4
LH:4
BRDA:3,0,0,0
BRDA:3,1,0,1
BRDA:6,2,0,5
BRDA:6,2,1,10
BRF:4
BRH:3
end_of_record
TN:
SF:C:\Raphael\reactjs-ninja\jest-tests\map\map.js
FN:3,(anonymous_0)
FN:3,(anonymous_1)
FNF:2
FNH:2
FNDA:5,(anonymous_0)
FNDA:2,(anonymous_1)
DA:3,2
DA:5,5
DA:6,5
DA:7,10
DA:9,5
LF:5
LH:5
BRDA:3,0,0,0
BRDA:3,1,0,1
BRF:2
BRH:1
end_of_record
